
Gurobi 9.5.1 (win64) logging started Fri Aug  5 23:32:07 2022

Set parameter LogFile to value "cablepooling_paper_exp_83645217062009.log"
Set parameter Method to value 2
Gurobi Optimizer version 9.5.1 build v9.5.1rc2 (win64)
Thread count: 6 physical cores, 12 logical processors, using up to 12 threads
Optimize a model with 429247 rows, 306608 columns and 1151904 nonzeros
Model fingerprint: 0xf5a3cf40
Coefficient statistics:
  Matrix range     [4e-05, 1e+00]
  Objective range  [4e-07, 1e+00]
  Bounds range     [1e+07, 1e+07]
  RHS range        [2e-02, 1e+07]
Presolve removed 210265 rows and 131829 columns
Presolve time: 0.87s
Presolved: 218982 rows, 174779 columns, 652125 nonzeros

Ordering time: 0.03s

Barrier statistics:
 Dense cols : 7
 AA' NZ     : 5.825e+05
 Factor NZ  : 2.562e+06 (roughly 180 MB of memory)
 Factor Ops : 3.722e+07 (less than 1 second per iteration)
 Threads    : 6

                  Objective                Residual
Iter       Primal          Dual         Primal    Dual     Compl     Time
   0   1.47727737e+07 -4.17692091e+08  4.98e+07 3.74e-03  3.76e+07     1s
   1   1.12652816e+07 -2.81927016e+08  4.14e+07 6.13e-01  2.17e+07     1s
   2   1.09875025e+07 -3.53392471e+08  3.73e+07 3.87e-01  1.74e+07     1s
   3   9.02833211e+06 -5.55030866e+08  3.20e+07 1.93e-01  1.29e+07     1s
   4   4.64669088e+06 -6.66215052e+08  1.40e+07 7.14e-02  6.35e+06     2s
   5   8.74146535e+05 -3.89127148e+08  1.50e+06 2.25e-04  9.78e+05     2s
   6   4.67287445e+05 -1.58477400e+08  2.35e+05 2.68e-11  2.80e+05     2s
   7   4.02558673e+05 -2.37299850e+07  2.91e+04 2.23e-11  3.83e+04     2s
   8   3.96797278e+05 -1.96885214e+06  5.23e+03 1.05e-12  3.73e+03     2s
   9   3.92145153e+05 -2.54387682e+05  5.25e+02 3.49e-06  9.73e+02     2s
  10   3.09167141e+05 -2.91318217e+05  1.87e+02 3.37e-05  8.89e+02     2s
  11   2.07978885e+05 -5.16133399e+04  5.92e+01 5.51e-05  3.81e+02     2s
  12   6.97328479e+04 -3.81246190e+04  1.78e+01 1.22e-04  1.52e+02     3s
  13   7.35748459e+03 -8.46512423e+02  1.08e+00 4.37e-05  1.18e+01     3s
  14   3.08669794e+02 -9.45344660e+01  3.45e-02 9.70e-06  5.89e-01     3s
  15   3.30101229e+01 -1.33157675e+01  3.24e-03 1.00e-06  6.78e-02     3s
  16   9.55695532e+00 -6.42847753e+00  1.08e-03 3.78e-07  2.34e-02     3s
  17   4.59945529e+00 -4.36042132e+00  5.89e-04 2.09e-07  1.31e-02     3s
  18   3.08492703e+00 -3.55999625e+00  4.37e-04 1.48e-07  9.73e-03     3s
  19   2.71052921e+00 -3.25736621e+00  4.02e-04 1.26e-07  8.74e-03     4s
  20   1.49867186e+00 -2.60881941e+00  2.81e-04 8.00e-08  6.02e-03     4s
  21   5.32040433e-01 -2.16563489e+00  1.81e-04 5.21e-08  3.95e-03     4s
  22   5.01648326e-02 -1.93145443e+00  1.31e-04 3.87e-08  2.90e-03     4s
  23  -1.36470595e-01 -1.80387889e+00  1.10e-04 3.21e-08  2.44e-03     4s
  24  -2.66788171e-01 -1.75446964e+00  9.45e-05 2.96e-08  2.18e-03     4s
  25  -4.14534551e-01 -1.65395112e+00  7.75e-05 2.46e-08  1.82e-03     4s
  26  -5.38376759e-01 -1.55859505e+00  6.27e-05 2.01e-08  1.49e-03     5s
  27  -6.01080040e-01 -1.53941884e+00  5.52e-05 1.92e-08  1.37e-03     5s
  28  -6.68206306e-01 -1.42625954e+00  4.68e-05 1.43e-08  1.11e-03     5s
  29  -7.20631348e-01 -1.37856446e+00  4.01e-05 1.25e-08  9.64e-04     5s
  30  -7.83022798e-01 -1.35109063e+00  3.22e-05 1.15e-08  8.32e-04     5s
  31  -8.10446868e-01 -1.28497567e+00  2.84e-05 8.96e-09  6.95e-04     6s
  32  -8.49387451e-01 -1.23433677e+00  2.33e-05 7.10e-09  5.64e-04     6s
  33  -8.66830798e-01 -1.19224629e+00  2.08e-05 5.59e-09  4.77e-04     6s
  34  -8.99455506e-01 -1.16836549e+00  1.66e-05 4.73e-09  3.94e-04     6s
  35  -9.28486192e-01 -1.15229913e+00  1.31e-05 4.14e-09  3.28e-04     6s
  36  -9.53763529e-01 -1.14145545e+00  9.82e-06 3.74e-09  2.75e-04     6s
  37  -9.64838198e-01 -1.12577770e+00  8.39e-06 3.18e-09  2.36e-04     7s
  38  -9.77992836e-01 -1.11300472e+00  6.69e-06 2.75e-09  1.98e-04     7s
  39  -9.82819936e-01 -1.09896715e+00  6.08e-06 2.27e-09  1.70e-04     7s
  40  -9.89030698e-01 -1.09032642e+00  5.35e-06 1.97e-09  1.48e-04     7s
  41  -9.94465979e-01 -1.07775092e+00  4.70e-06 1.52e-09  1.22e-04     7s
  42  -9.98132106e-01 -1.07169716e+00  4.22e-06 1.31e-09  1.08e-04     7s
  43  -1.00039242e+00 -1.06629007e+00  3.97e-06 1.11e-09  9.65e-05     8s
  44  -1.00275932e+00 -1.06550860e+00  3.69e-06 1.08e-09  9.19e-05     8s
  45  -1.00968888e+00 -1.06083975e+00  2.93e-06 8.92e-10  7.49e-05     8s
  46  -1.01302028e+00 -1.05941080e+00  2.55e-06 8.41e-10  6.80e-05     8s
  47  -1.01654101e+00 -1.05697015e+00  2.16e-06 7.51e-10  5.92e-05     8s
  48  -1.01801537e+00 -1.05248063e+00  1.98e-06 5.87e-10  5.05e-05     8s
  49  -1.01937604e+00 -1.05080235e+00  1.84e-06 5.25e-10  4.60e-05     9s
  50  -1.02149550e+00 -1.04954881e+00  1.61e-06 4.73e-10  4.11e-05     9s
  51  -1.02423285e+00 -1.04797591e+00  1.33e-06 4.12e-10  3.48e-05     9s

Barrier performed 51 iterations in 8.82 seconds (5.99 work units)
Optimization interrupted


Stopped in 0 iterations and 8.84 seconds (5.99 work units)
Solve interrupted
